<?xml version="1.0" encoding="UTF-8"?>
<!-- Generated by org.testng.reporters.JUnitReportReporter -->
<testsuite hostname="DESKTOP-DHQ3SJK" failures="0" tests="2" name="Mercury.LoginRegressionSuite" time="31.641" errors="0" timestamp="2022-11-04T10:24:33 IST" skipped="0">
  <testcase classname="Mercury.LoginRegressionSuite" name="verifyValidLogin" time="18.522"/>
  <system-out/>
  <testcase classname="Mercury.LoginRegressionSuite" name="verifyInvalidLogin" time="13.119"/>
  <system-out/>
</testsuite> <!-- Mercury.LoginRegressionSuite -->
