<?xml version="1.0" encoding="UTF-8"?>
<!-- Generated by org.testng.reporters.JUnitReportReporter -->
<testsuite hostname="DESKTOP-DHQ3SJK" failures="0" tests="2" name="Mercury.FlightFinderRegressionSuite" time="27.261" errors="0" timestamp="2022-11-04T10:24:33 IST" skipped="0">
  <testcase classname="Mercury.FlightFinderRegressionSuite" name="verifyDefaultSelectionFlightType" time="13.278"/>
  <system-out/>
  <testcase classname="Mercury.FlightFinderRegressionSuite" name="verifyDepartingFromValueSelection" time="13.983"/>
  <system-out/>
</testsuite> <!-- Mercury.FlightFinderRegressionSuite -->
